[    0.000000] Linux version 4.15.0-212-generic (buildd@lcy02-amd64-083) (gcc version 7.5.0 (Ubuntu 7.5.0-3ubuntu1~18.04)) #223-Ubuntu SMP Tue May 23 13:09:22 UTC 2023 (Ubuntu 4.15.0-212.223-generic 4.15.18)
[    0.000000] Command line: BOOT_IMAGE=/boot/vmlinuz-4.15.0-212-generic root=LABEL=cloudimg-rootfs ro console=tty1 console=ttyS0
[    0.000000] KERNEL supported cpus:
[    0.000000]   Intel GenuineIntel
[    0.000000]   AMD AuthenticAMD
[    0.000000]   Centaur CentaurHauls
[    0.000000] x86/fpu: Supporting XSAVE feature 0x001: 'x87 floating point registers'
[    0.000000] x86/fpu: Supporting XSAVE feature 0x002: 'SSE registers'
[    0.000000] x86/fpu: Supporting XSAVE feature 0x004: 'AVX registers'
[    0.000000] x86/fpu: xstate_offset[2]:  576, xstate_sizes[2]:  256
[    0.000000] x86/fpu: Enabled xstate features 0x7, context size is 832 bytes, using 'standard' format.
[    0.000000] e820: BIOS-provided physical RAM map:
[    0.000000] BIOS-e820: [mem 0x0000000000000000-0x000000000009fbff] usable
[    0.000000] BIOS-e820: [mem 0x000000000009fc00-0x000000000009ffff] reserved
[    0.000000] BIOS-e820: [mem 0x00000000000f0000-0x00000000000fffff] reserved
[    0.000000] BIOS-e820: [mem 0x0000000000100000-0x000000003ffeffff] usable
[    0.000000] BIOS-e820: [mem 0x000000003fff0000-0x000000003fffffff] ACPI data
[    0.000000] BIOS-e820: [mem 0x00000000fec00000-0x00000000fec00fff] reserved
[    0.000000] BIOS-e820: [mem 0x00000000fee00000-0x00000000fee00fff] reserved
[    0.000000] BIOS-e820: [mem 0x00000000fffc0000-0x00000000ffffffff] reserved
[    0.000000] NX (Execute Disable) protection: active
[    0.000000] SMBIOS 2.5 present.
[    0.000000] DMI: innotek GmbH VirtualBox/VirtualBox, BIOS VirtualBox 12/01/2006
[    0.000000] Hypervisor detected: KVM
[    0.000000] e820: last_pfn = 0x3fff0 max_arch_pfn = 0x400000000
[    0.000000] MTRR: Disabled
[    0.000000] x86/PAT: MTRRs disabled, skipping PAT initialization too.
[    0.000000] CPU MTRRs all blank - virtualized system.
[    0.000000] x86/PAT: Configuration [0-7]: WB  WT  UC- UC  WB  WT  UC- UC  
[    0.000000] found SMP MP-table at [mem 0x0009fff0-0x0009ffff]
[    0.000000] Scanning 1 areas for low memory corruption
[    0.000000] RAMDISK: [mem 0x359cb000-0x36cdcfff]
[    0.000000] ACPI: Early table checksum verification disabled
[    0.000000] ACPI: RSDP 0x00000000000E0000 000024 (v02 VBOX  )
[    0.000000] ACPI: XSDT 0x000000003FFF0030 00003C (v01 VBOX   VBOXXSDT 00000001 ASL  00000061)
[    0.000000] ACPI: FACP 0x000000003FFF00F0 0000F4 (v04 VBOX   VBOXFACP 00000001 ASL  00000061)
[    0.000000] ACPI: DSDT 0x000000003FFF0470 0022EA (v02 VBOX   VBOXBIOS 00000002 INTL 20100528)
[    0.000000] ACPI: FACS 0x000000003FFF0200 000040
[    0.000000] ACPI: FACS 0x000000003FFF0200 000040
[    0.000000] ACPI: APIC 0x000000003FFF0240 00005C (v02 VBOX   VBOXAPIC 00000001 ASL  00000061)
[    0.000000] ACPI: SSDT 0x000000003FFF02A0 0001CC (v01 VBOX   VBOXCPUT 00000002 INTL 20100528)
[    0.000000] ACPI: Reserving FACP table memory at [mem 0x3fff00f0-0x3fff01e3]
[    0.000000] ACPI: Reserving DSDT table memory at [mem 0x3fff0470-0x3fff2759]
[    0.000000] ACPI: Reserving FACS table memory at [mem 0x3fff0200-0x3fff023f]
[    0.000000] ACPI: Reserving FACS table memory at [mem 0x3fff0200-0x3fff023f]
[    0.000000] ACPI: Reserving APIC table memory at [mem 0x3fff0240-0x3fff029b]
[    0.000000] ACPI: Reserving SSDT table memory at [mem 0x3fff02a0-0x3fff046b]
[    0.000000] No NUMA configuration found
[    0.000000] Faking a node at [mem 0x0000000000000000-0x000000003ffeffff]
[    0.000000] NODE_DATA(0) allocated [mem 0x3ffc5000-0x3ffeffff]
[    0.000000] kvm-clock: cpu 0, msr 0:3ff44001, primary cpu clock
[    0.000000] kvm-clock: Using msrs 4b564d01 and 4b564d00
[    0.000000] kvm-clock: using sched offset of 3957503043 cycles
[    0.000000] clocksource: kvm-clock: mask: 0xffffffffffffffff max_cycles: 0x1cd42e4dffb, max_idle_ns: 881590591483 ns
[    0.000000] Zone ranges:
[    0.000000]   DMA      [mem 0x0000000000001000-0x0000000000ffffff]
[    0.000000]   DMA32    [mem 0x0000000001000000-0x000000003ffeffff]
[    0.000000]   Normal   empty
[    0.000000]   Device   empty
[    0.000000] Movable zone start for each node
[    0.000000] Early memory node ranges
[    0.000000]   node   0: [mem 0x0000000000001000-0x000000000009efff]
[    0.000000]   node   0: [mem 0x0000000000100000-0x000000003ffeffff]
[    0.000000] Reserved but unavailable: 104 pages
[    0.000000] Initmem setup node 0 [mem 0x0000000000001000-0x000000003ffeffff]
[    0.000000] ACPI: PM-Timer IO Port: 0x4008
[    0.000000] IOAPIC[0]: apic_id 2, version 32, address 0xfec00000, GSI 0-23
[    0.000000] ACPI: INT_SRC_OVR (bus 0 bus_irq 0 global_irq 2 dfl dfl)
[    0.000000] ACPI: INT_SRC_OVR (bus 0 bus_irq 9 global_irq 9 low level)
[    0.000000] Using ACPI (MADT) for SMP configuration information
[    0.000000] smpboot: Allowing 2 CPUs, 0 hotplug CPUs
[    0.000000] PM: Registered nosave memory: [mem 0x00000000-0x00000fff]
[    0.000000] PM: Registered nosave memory: [mem 0x0009f000-0x0009ffff]
[    0.000000] PM: Registered nosave memory: [mem 0x000a0000-0x000effff]
[    0.000000] PM: Registered nosave memory: [mem 0x000f0000-0x000fffff]
[    0.000000] e820: [mem 0x40000000-0xfebfffff] available for PCI devices
[    0.000000] Booting paravirtualized kernel on KVM
[    0.000000] clocksource: refined-jiffies: mask: 0xffffffff max_cycles: 0xffffffff, max_idle_ns: 7645519600211568 ns
[    0.000000] setup_percpu: NR_CPUS:8192 nr_cpumask_bits:2 nr_cpu_ids:2 nr_node_ids:1
[    0.000000] percpu: Embedded 50 pages/cpu s167936 r8192 d28672 u1048576
[    0.000000] PV qspinlock hash table entries: 256 (order: 0, 4096 bytes)
[    0.000000] Built 1 zonelists, mobility grouping on.  Total pages: 257913
[    0.000000] Policy zone: DMA32
[    0.000000] Kernel command line: BOOT_IMAGE=/boot/vmlinuz-4.15.0-212-generic root=LABEL=cloudimg-rootfs ro console=tty1 console=ttyS0
[    0.000000] Memory: 982644K/1048120K available (12300K kernel code, 2477K rwdata, 4324K rodata, 2480K init, 2720K bss, 65476K reserved, 0K cma-reserved)
[    0.000000] SLUB: HWalign=64, Order=0-3, MinObjects=0, CPUs=2, Nodes=1
[    0.000000] ftrace: allocating 39508 entries in 155 pages
[    0.004000] Hierarchical RCU implementation.
[    0.004000] 	RCU restricting CPUs from NR_CPUS=8192 to nr_cpu_ids=2.
[    0.004000] 	Tasks RCU enabled.
[    0.004000] RCU: Adjusting geometry for rcu_fanout_leaf=16, nr_cpu_ids=2
[    0.004000] NR_IRQS: 524544, nr_irqs: 440, preallocated irqs: 16
[    0.004000] random: crng init done
[    0.004000] Console: colour VGA+ 80x25
[    0.004000] console [tty1] enabled
[    0.004000] console [ttyS0] enabled
[    0.004000] ACPI: Core revision 20170831
[    0.004000] ACPI: 2 ACPI AML tables successfully acquired and loaded
[    0.004000] APIC: Switch to symmetric I/O mode setup
[    0.004000] x2apic enabled
[    0.004000] Switched APIC routing to physical x2apic.
[    0.004000] ..TIMER: vector=0x30 apic1=0 pin1=2 apic2=-1 pin2=-1
[    0.004000] tsc: Detected 3599.996 MHz processor
[    0.004000] Calibrating delay loop (skipped) preset value.. 7199.99 BogoMIPS (lpj=14399984)
[    0.004004] pid_max: default: 32768 minimum: 301
[    0.004476] Security Framework initialized
[    0.004930] Yama: becoming mindful.
[    0.005316] AppArmor: AppArmor initialized
[    0.008031] Dentry cache hash table entries: 131072 (order: 8, 1048576 bytes)
[    0.008818] Inode-cache hash table entries: 65536 (order: 7, 524288 bytes)
[    0.009604] Mount-cache hash table entries: 2048 (order: 2, 16384 bytes)
[    0.010288] Mountpoint-cache hash table entries: 2048 (order: 2, 16384 bytes)
[    0.011117] Last level iTLB entries: 4KB 0, 2MB 0, 4MB 0
[    0.011721] Last level dTLB entries: 4KB 0, 2MB 0, 4MB 0, 1GB 0
[    0.012006] Spectre V1 : Mitigation: usercopy/swapgs barriers and __user pointer sanitization
[    0.012875] unchecked MSR access error: WRMSR to 0x48 (tried to write 0x0000000000000001) at rIP: 0xffffffff9746e1b8 (native_write_msr+0x8/0x30)
[    0.014116] Call Trace:
[    0.014419]  wrmsrl+0x16/0x20
[    0.014742]  check_bugs+0x3c9/0xcf6
[    0.015111]  ? delayacct_init+0x52/0x70
[    0.015670]  start_kernel+0x4a5/0x4ed
[    0.016007]  x86_64_start_reservations+0x24/0x26
[    0.016688]  x86_64_start_kernel+0x8e/0x91
[    0.017258]  secondary_startup_64+0xa5/0xb0
[    0.017831] Spectre V2 : Mitigation: Enhanced IBRS
[    0.018609] Spectre V2 : Spectre v2 / SpectreRSB mitigation: Filling RSB on context switch
[    0.020002] Spectre V2 : Spectre v2 / PBRSB-eIBRS: Retire a single CALL on VMEXIT
[    0.020969] RETBleed: Mitigation: Enhanced IBRS
[    0.021629] Speculative Store Bypass: Vulnerable
[    0.022288] MMIO Stale Data: Mitigation: Clear CPU buffers
[    0.024138] Freeing SMP alternatives memory: 36K
[    0.134574] smpboot: CPU0: 11th Gen Intel(R) Core(TM) i7-11700K @ 3.60GHz (family: 0x6, model: 0xa7, stepping: 0x1)
[    0.136000] Performance Events: unsupported p6 CPU model 167 no PMU driver, software events only.
[    0.136000] Hierarchical SRCU implementation.
[    0.136370] NMI watchdog: Perf event create on CPU 0 failed with -2
[    0.137111] NMI watchdog: Perf NMI watchdog permanently disabled
[    0.138058] smp: Bringing up secondary CPUs ...
[    0.138657] x86: Booting SMP configuration:
[    0.140001] .... node  #0, CPUs:      #1
[    0.004000] kvm-clock: cpu 1, msr 0:3ff44041, secondary cpu clock
[    0.143289] smp: Brought up 1 node, 2 CPUs
[    0.144006] smpboot: Max logical packages: 1
[    0.144467] smpboot: Total of 2 processors activated (14399.98 BogoMIPS)
[    0.145222] devtmpfs: initialized
[    0.145222] x86/mm: Memory block size: 128MB
[    0.145222] evm: security.selinux
[    0.145370] evm: security.SMACK64
[    0.145682] evm: security.SMACK64EXEC
[    0.146121] evm: security.SMACK64TRANSMUTE
[    0.146650] evm: security.SMACK64MMAP
[    0.148002] evm: security.apparmor
[    0.148320] evm: security.ima
[    0.148638] evm: security.capability
[    0.149087] clocksource: jiffies: mask: 0xffffffff max_cycles: 0xffffffff, max_idle_ns: 7645041785100000 ns
[    0.149224] futex hash table entries: 512 (order: 3, 32768 bytes)
[    0.149950] pinctrl core: initialized pinctrl subsystem
[    0.154724] RTC time:  1:54:51, date: 11/08/24
[    0.155379] NET: Registered protocol family 16
[    0.155845] audit: initializing netlink subsys (disabled)
[    0.156013] audit: type=2000 audit(1731030896.263:1): state=initialized audit_enabled=0 res=1
[    0.156940] cpuidle: using governor ladder
[    0.156940] cpuidle: using governor menu
[    0.156940] ACPI: bus type PCI registered
[    0.157320] acpiphp: ACPI Hot Plug PCI Controller Driver version: 0.5
[    0.158314] PCI: Using configuration type 1 for base access
[    0.160684] HugeTLB registered 2.00 MiB page size, pre-allocated 0 pages
[    0.160706] ACPI: Added _OSI(Module Device)
[    0.160706] ACPI: Added _OSI(Processor Device)
[    0.164021] ACPI: Added _OSI(3.0 _SCP Extensions)
[    0.164624] ACPI: Added _OSI(Processor Aggregator Device)
[    0.165161] ACPI: Added _OSI(Linux-Dell-Video)
[    0.165590] ACPI: Added _OSI(Linux-Lenovo-NV-HDMI-Audio)
[    0.166169] ACPI: Added _OSI(Linux-HPI-Hybrid-Graphics)
[    0.166847] ACPI: Executed 1 blocks of module-level executable AML code
[    0.169984] ACPI: Interpreter enabled
[    0.170372] ACPI: (supports S0 S5)
[    0.170777] ACPI: Using IOAPIC for interrupt routing
[    0.171498] PCI: Using host bridge windows from ACPI; if necessary, use "pci=nocrs" and report a bug
[    0.172126] ACPI: Enabled 2 GPEs in block 00 to 07
[    0.176273] ACPI: PCI Root Bridge [PCI0] (domain 0000 [bus 00-ff])
[    0.177339] acpi PNP0A03:00: _OSC: OS supports [ASPM ClockPM Segments MSI]
[    0.178204] acpi PNP0A03:00: _OSC: not requesting OS control; OS requires [ExtendedConfig ASPM ClockPM MSI]
[    0.179203] acpi PNP0A03:00: fail to add MMCONFIG information, can't access extended PCI configuration space under this bridge.
[    0.180195] PCI host bridge to bus 0000:00
[    0.180687] pci_bus 0000:00: root bus resource [io  0x0000-0x0cf7 window]
[    0.181419] pci_bus 0000:00: root bus resource [io  0x0d00-0xffff window]
[    0.182113] pci_bus 0000:00: root bus resource [mem 0x000a0000-0x000bffff window]
[    0.182840] pci_bus 0000:00: root bus resource [mem 0x40000000-0xfdffffff window]
[    0.183659] pci_bus 0000:00: root bus resource [bus 00-ff]
[    0.185286] pci 0000:00:01.1: legacy IDE quirk: reg 0x10: [io  0x01f0-0x01f7]
[    0.185966] pci 0000:00:01.1: legacy IDE quirk: reg 0x14: [io  0x03f6]
[    0.186623] pci 0000:00:01.1: legacy IDE quirk: reg 0x18: [io  0x0170-0x0177]
[    0.187311] pci 0000:00:01.1: legacy IDE quirk: reg 0x1c: [io  0x0376]
[    0.196898] pci 0000:00:07.0: quirk: [io  0x4000-0x403f] claimed by PIIX4 ACPI
[    0.197755] pci 0000:00:07.0: quirk: [io  0x4100-0x410f] claimed by PIIX4 SMB
[    0.203861] ACPI: PCI Interrupt Link [LNKA] (IRQs 5 9 10 *11)
[    0.204220] ACPI: PCI Interrupt Link [LNKB] (IRQs 5 9 *10 11)
[    0.204878] ACPI: PCI Interrupt Link [LNKC] (IRQs 5 *9 10 11)
[    0.205545] ACPI: PCI Interrupt Link [LNKD] (IRQs 5 9 10 *11)
[    0.206570] SCSI subsystem initialized
[    0.207097] pci 0000:00:02.0: vgaarb: setting as boot VGA device
[    0.207097] pci 0000:00:02.0: vgaarb: VGA device added: decodes=io+mem,owns=io+mem,locks=none
[    0.208009] pci 0000:00:02.0: vgaarb: bridge control possible
[    0.208625] vgaarb: loaded
[    0.208981] ACPI: bus type USB registered
[    0.209532] usbcore: registered new interface driver usbfs
[    0.212006] usbcore: registered new interface driver hub
[    0.212681] usbcore: registered new device driver usb
[    0.213335] EDAC MC: Ver: 3.0.0
[    0.213335] PCI: Using ACPI for IRQ routing
[    0.213335] NetLabel: Initializing
[    0.213335] NetLabel:  domain hash size = 128
[    0.213577] NetLabel:  protocols = UNLABELED CIPSOv4 CALIPSO
[    0.214128] NetLabel:  unlabeled traffic allowed by default
[    0.216109] clocksource: Switched to clocksource kvm-clock
[    0.230292] VFS: Disk quotas dquot_6.6.0
[    0.230922] VFS: Dquot-cache hash table entries: 512 (order 0, 4096 bytes)
[    0.231670] AppArmor: AppArmor Filesystem Enabled
[    0.232268] pnp: PnP ACPI init
[    0.233187] pnp: PnP ACPI: found 3 devices
[    0.241466] clocksource: acpi_pm: mask: 0xffffff max_cycles: 0xffffff, max_idle_ns: 2085701024 ns
[    0.242460] NET: Registered protocol family 2
[    0.242917] IP idents hash table entries: 16384 (order: 5, 131072 bytes)
[    0.246006] TCP established hash table entries: 8192 (order: 4, 65536 bytes)
[    0.246704] TCP bind hash table entries: 8192 (order: 5, 131072 bytes)
[    0.247359] TCP: Hash tables configured (established 8192 bind 8192)
[    0.247988] UDP hash table entries: 512 (order: 2, 16384 bytes)
[    0.248595] UDP-Lite hash table entries: 512 (order: 2, 16384 bytes)
[    0.249251] NET: Registered protocol family 1
[    0.249689] pci 0000:00:00.0: Limiting direct PCI/PCI transfers
[    0.250336] pci 0000:00:01.0: Activating ISA DMA hang workarounds
[    0.251091] pci 0000:00:02.0: Video device with shadowed ROM at [mem 0x000c0000-0x000dffff]
[    0.252108] Unpacking initramfs...
[    0.504835] Freeing initrd memory: 19528K
[    0.505347] clocksource: tsc: mask: 0xffffffffffffffff max_cycles: 0x33e44fb235b, max_idle_ns: 440795341910 ns
[    0.506375] platform rtc_cmos: registered platform RTC device (no PNP device found)
[    0.507208] Scanning for low memory corruption every 60 seconds
[    0.508655] Initialise system trusted keyrings
[    0.509125] Key type blacklist registered
[    0.509650] workingset: timestamp_bits=36 max_order=18 bucket_order=0
[    0.510869] zbud: loaded
[    0.511418] squashfs: version 4.0 (2009/01/31) Phillip Lougher
[    0.512361] fuse init (API version 7.26)
[    0.516910] Key type asymmetric registered
[    0.517489] Asymmetric key parser 'x509' registered
[    0.518217] Block layer SCSI generic (bsg) driver version 0.4 loaded (major 246)
[    0.519122] io scheduler noop registered
[    0.519706] io scheduler deadline registered
[    0.520388] io scheduler cfq registered (default)
[    0.521137] ACPI: AC Adapter [AC] (on-line)
[    0.521827] input: Power Button as /devices/LNXSYSTM:00/LNXPWRBN:00/input/input0
[    0.522738] ACPI: Power Button [PWRF]
[    0.523278] input: Sleep Button as /devices/LNXSYSTM:00/LNXSLPBN:00/input/input1
[    0.524317] ACPI: Sleep Button [SLPF]
[    0.524998] Serial: 8250/16550 driver, 32 ports, IRQ sharing enabled
[    0.546100] 00:02: ttyS0 at I/O 0x3f8 (irq = 4, base_baud = 115200) is a 16550A
[    0.548970] Linux agpgart interface v0.103
[    0.552991] loop: module loaded
[    0.553705] scsi host0: ata_piix
[    0.554158] scsi host1: ata_piix
[    0.554525] ata1: PATA max UDMA/33 cmd 0x1f0 ctl 0x3f6 bmdma 0xd000 irq 14
[    0.555210] ata2: PATA max UDMA/33 cmd 0x170 ctl 0x376 bmdma 0xd008 irq 15
[    0.556039] tun: Universal TUN/TAP device driver, 1.6
[    0.556992] PPP generic driver version 2.4.2
[    0.557516] ehci_hcd: USB 2.0 'Enhanced' Host Controller (EHCI) Driver
[    0.558156] ehci-pci: EHCI PCI platform driver
[    0.558630] ehci-platform: EHCI generic platform driver
[    0.559190] ohci_hcd: USB 1.1 'Open' Host Controller (OHCI) Driver
[    0.559917] ohci-pci: OHCI PCI platform driver
[    0.560586] ohci-platform: OHCI generic platform driver
[    0.561253] uhci_hcd: USB Universal Host Controller Interface driver
[    0.561992] i8042: PNP: PS/2 Controller [PNP0303:PS2K,PNP0f03:PS2M] at 0x60,0x64 irq 1,12
[    0.563549] serio: i8042 KBD port at 0x60,0x64 irq 1
[    0.564106] serio: i8042 AUX port at 0x60,0x64 irq 12
[    0.564873] mousedev: PS/2 mouse device common for all mice
[    0.565873] input: AT Translated Set 2 keyboard as /devices/platform/i8042/serio0/input/input2
[    0.566966] rtc_cmos rtc_cmos: rtc core: registered rtc_cmos as rtc0
[    0.567765] rtc_cmos rtc_cmos: alarms up to one day, 114 bytes nvram
[    0.568557] i2c /dev entries driver
[    0.569047] device-mapper: uevent: version 1.0.3
[    0.569644] device-mapper: ioctl: 4.37.0-ioctl (2017-09-20) initialised: dm-devel@redhat.com
[    0.570810] ledtrig-cpu: registered to indicate activity on CPUs
[    0.571659] NET: Registered protocol family 10
[    0.574603] Segment Routing with IPv6
[    0.575056] NET: Registered protocol family 17
[    0.575570] Key type dns_resolver registered
[    0.576269] mce: Using 0 MCE banks
[    0.576629] RAS: Correctable Errors collector initialized.
[    0.577306] sched_clock: Marking stable (576253881, 0)->(668974716, -92720835)
[    0.578442] registered taskstats version 1
[    0.578874] Loading compiled-in X.509 certificates
[    0.580941] Loaded X.509 cert 'Build time autogenerated kernel key: b5b26778eaa3ab3a4a6cee031137706e947d12ad'
[    0.582360] Loaded X.509 cert 'Canonical Ltd. Live Patch Signing: 14df34d1a87cf37625abec039ef2bf521249b969'
[    0.583673] Loaded X.509 cert 'Canonical Ltd. Kernel Module Signing: 88f752e560a1e0737e31163a466ad7b70a850c19'
[    0.584929] blacklist: Loading compiled-in revocation X.509 certificates
[    0.585576] Loaded X.509 cert 'Canonical Ltd. Secure Boot Signing: 61482aa2830d0ab2ad5af10b7250da9033ddcef0'
[    0.586626] Loaded X.509 cert 'Canonical Ltd. Secure Boot Signing (2017): 242ade75ac4a15e50d50c84b0d45ff3eae707a03'
[    0.587616] Loaded X.509 cert 'Canonical Ltd. Secure Boot Signing (ESM 2018): 365188c1d374d6b07c3c8f240f8ef722433d6a8b'
[    0.588728] Loaded X.509 cert 'Canonical Ltd. Secure Boot Signing (2019): c0746fd6c5da3ae827864651ad66ae47fe24b3e8'
[    0.589889] Loaded X.509 cert 'Canonical Ltd. Secure Boot Signing (2021 v1): a8d54bbb3825cfb94fa13c9f8a594a195c107b8d'
[    0.590927] Loaded X.509 cert 'Canonical Ltd. Secure Boot Signing (2021 v2): 4cf046892d6fd3c9a5b03f98d845f90851dc6a8c'
[    0.592033] Loaded X.509 cert 'Canonical Ltd. Secure Boot Signing (2021 v3): 100437bb6de6e469b581e61cd66bce3ef4ed53af'
[    0.593067] Loaded X.509 cert 'Canonical Ltd. Secure Boot Signing (Ubuntu Core 2019): c1d57b8f6b743f23ee41f4f7ee292f06eecadfb9'
[    0.594216] zswap: loaded using pool lzo/zbud
[    0.599254] Key type big_key registered
[    0.600070] Key type trusted registered
[    0.602357] Key type encrypted registered
[    0.603193] AppArmor: AppArmor sha1 policy hashing enabled
[    0.604173] ima: No TPM chip found, activating TPM-bypass! (rc=-19)
[    0.605035] ima: Allocated hash algorithm: sha1
[    0.605668] evm: HMAC attrs: 0x1
[    0.606403]   Magic number: 0:625:912
[    0.607108] rtc_cmos rtc_cmos: setting system clock to 2024-11-08 01:54:51 UTC (1731030891)
[    0.608595] BIOS EDD facility v0.16 2004-Jun-25, 0 devices found
[    0.609586] EDD information not available.
[    0.722160] Freeing unused kernel image memory: 2480K
[    0.735637] Write protecting the kernel read-only data: 20480k
[    0.736569] Freeing unused kernel image memory: 2008K
[    0.737488] Freeing unused kernel image memory: 1820K
[    0.741162] x86/mm: Checked W+X mappings: passed, no W+X pages found.
Loading, please wait...
starting version 237
[    0.777475] e1000: Intel(R) PRO/1000 Network Driver - version 7.3.21-k8-NAPI
[    0.778397] e1000: Copyright (c) 1999-2006 Intel Corporation.
[    0.782747] Fusion MPT base driver 3.04.20
[    0.783285] Copyright (c) 1999-2008 LSI Corporation
[    0.785719] Fusion MPT SPI Host driver 3.04.20
[    0.793145] AVX2 version of gcm_enc/dec engaged.
[    0.793660] AES CTR mode by8 optimization enabled
[    0.999874] input: ImExPS/2 Generic Explorer Mouse as /devices/platform/i8042/serio1/input/input4
[    1.136073] e1000 0000:00:03.0 eth0: (PCI:33MHz:32-bit) 02:3b:7b:b7:3b:2d
[    1.137335] e1000 0000:00:03.0 eth0: Intel(R) PRO/1000 Network Connection
[    1.138993] mptbase: ioc0: Initiating bringup
[    1.232572] ioc0: LSI53C1030 A0: Capabilities={Initiator}
[    1.472910] scsi host2: ioc0: LSI53C1030 A0, FwRev=00000000h, Ports=1, MaxQ=256, IRQ=20
[    1.662923] scsi 2:0:0:0: Direct-Access     VBOX     HARDDISK         1.0  PQ: 0 ANSI: 5
[    1.696087] scsi target2:0:0: Beginning Domain Validation
[    1.700781] scsi target2:0:0: Domain Validation skipping write tests
[    1.701519] scsi target2:0:0: Ending Domain Validation
[    1.702347] scsi target2:0:0: asynchronous
[    1.703575] scsi 2:0:1:0: Direct-Access     VBOX     HARDDISK         1.0  PQ: 0 ANSI: 5
[    1.940069] scsi target2:0:1: Beginning Domain Validation
[    1.941312] scsi target2:0:1: Domain Validation skipping write tests
[    1.942138] scsi target2:0:1: Ending Domain Validation
[    1.942884] scsi target2:0:1: asynchronous
[    1.946433] sd 2:0:0:0: [sda] 83886080 512-byte logical blocks: (42.9 GB/40.0 GiB)
[    1.947371] sd 2:0:0:0: [sda] Write Protect is off
[    1.948222] sd 2:0:0:0: [sda] Incomplete mode parameter data
[    1.948822] sd 2:0:0:0: [sda] Assuming drive cache: write through
[    1.949439] sd 2:0:0:0: Attached scsi generic sg0 type 0
[    1.950546]  sda: sda1
[    1.951034] sd 2:0:1:0: Attached scsi generic sg1 type 0
[    1.951718] sd 2:0:0:0: [sda] Attached SCSI disk
[    1.960248] sd 2:0:1:0: [sdb] 20480 512-byte logical blocks: (10.5 MB/10.0 MiB)
[    1.961109] sd 2:0:1:0: [sdb] Write Protect is off
[    1.961653] sd 2:0:1:0: [sdb] Incomplete mode parameter data
[    1.962332] sd 2:0:1:0: [sdb] Assuming drive cache: write through
[    1.964592] sd 2:0:1:0: [sdb] Attached SCSI disk
[    2.018797] e1000 0000:00:08.0 eth1: (PCI:33MHz:32-bit) 08:00:27:f5:bf:56
[    2.019747] e1000 0000:00:08.0 eth1: Intel(R) PRO/1000 Network Connection
[    2.021140] e1000 0000:00:03.0 enp0s3: renamed from eth0
[    2.056456] e1000 0000:00:08.0 enp0s8: renamed from eth1
Begin: Loading essential drivers ... [    3.372324] raid6: sse2x1   gen() 16762 MB/s
[    3.420238] raid6: sse2x1   xor() 10444 MB/s
[    3.468350] raid6: sse2x2   gen() 24408 MB/s
[    3.516455] raid6: sse2x2   xor() 14034 MB/s
[    3.564116] raid6: sse2x4   gen() 25631 MB/s
[    3.612213] raid6: sse2x4   xor() 12961 MB/s
[    3.660301] raid6: avx2x1   gen() 23684 MB/s
[    3.708024] raid6: avx2x1   xor() 22384 MB/s
[    3.756071] raid6: avx2x2   gen() 45126 MB/s
[    3.804174] raid6: avx2x2   xor() 30333 MB/s
[    3.852304] raid6: avx2x4   gen() 42281 MB/s
[    3.900096] raid6: avx2x4   xor() 13910 MB/s
[    3.900785] raid6: using algorithm avx2x2 gen() 45126 MB/s
[    3.901497] raid6: .... xor() 30333 MB/s, rmw enabled
[    3.902182] raid6: using avx2x2 recovery algorithm
[    3.903793] xor: automatically using best checksumming function   avx       
[    3.905250] async_tx: api initialized (async)
done.
Begin: Running /scripts/init-premount ... done.
Begin: Mounting root file system ... Begin: Running /scripts/local-top ... done.
Begin: Running /scripts/local-premount ... [    3.931440] Btrfs loaded, crc32c=crc32c-intel
Scanning for Btrfs filesystems
done.
Warning: fsck not present, so skipping root file system
[    3.951652] EXT4-fs (sda1): mounted filesystem with ordered data mode. Opts: (null)
done.
Begin: Running /scripts/local-bottom ... done.
Begin: Running /scripts/init-bottom ... done.
[    4.083636] ip_tables: (C) 2000-2006 Netfilter Core Team
[    4.089185] systemd[1]: systemd 237 running in system mode. (+PAM +AUDIT +SELINUX +IMA +APPARMOR +SMACK +SYSVINIT +UTMP +LIBCRYPTSETUP +GCRYPT +GNUTLS +ACL +XZ +LZ4 +SECCOMP +BLKID +ELFUTILS +KMOD -IDN2 +IDN -PCRE2 default-hierarchy=hybrid)
[    4.091234] systemd[1]: Detected virtualization oracle.
[    4.091734] systemd[1]: Detected architecture x86-64.

Welcome to [1mUbuntu 18.04.6 LTS[0m!

[    4.095147] systemd[1]: Set hostname to <ubuntu>.
[    4.096920] systemd[1]: Initializing machine ID from random generator.
[    4.097527] systemd[1]: Installed transient /etc/machine-id file.
[    4.282151] systemd[1]: Reached target User and Group Name Lookups.
[[0;32m  OK  [0m] Reached target User and Group Name Lookups.
[    4.293061] systemd[1]: Created slice User and Session Slice.
[[0;32m  OK  [0m] Created slice User and Session Slice.
[    4.293974] systemd[1]: Started Forward Password Requests to Wall Directory Watch.
[[0;32m  OK  [0m] Started Forward Password Requests to Wall Directory Watch.
[    4.295078] systemd[1]: Reached target Mounting snaps.
[[0;32m  OK  [0m] Reached target Mounting snaps.
[[0;32m  OK  [0m] Reached target Mounted snaps.
[[0;32m  OK  [0m] Reached target System Time Synchronized.
[[0;32m  OK  [0m] Reached target Swap.
[[0;32m  OK  [0m] Created slice System Slice.
[[0;32m  OK  [0m] Listening on fsck to fsckd communication Socket.
[[0;32m  OK  [0m] Listening on udev Kernel Socket.
[[0;32m  OK  [0m] Created slice system-serial\x2dgetty.slice.
[[0;32m  OK  [0m] Listening on LVM2 poll daemon socket.
[[0;32m  OK  [0m] Listening on Journal Socket (/dev/log).
[[0;32m  OK  [0m] Listening on udev Control Socket.
[[0;32m  OK  [0m] Listening on LVM2 metadata daemon socket.
[[0;32m  OK  [0m] Listening on Journal Audit Socket.
[[0;32m  OK  [0m] Listening on Network Service Netlink Socket.
[[0;32m  OK  [0m] Listening on /dev/initctl Compatibility Named Pipe.
[[0;32m  OK  [0m] Listening on Syslog Socket.
[[0;32m  OK  [0m] Reached target Slices.
[[0;32m  OK  [0m] Listening on Journal Socket.
         Starting Create list of required st…ce nodes for the current kernel...
         Mounting Kernel Debug File System...
         Starting udev Coldplug all Devices...
         Starting Uncomplicated firewall...
         Starting Set the console keyboard layout...
         Starting Load Kernel Modules...
         Mounting Huge Pages File System...
         Starting Journal Service...
         Starting File System Check on Root Device...
         Mounting POSIX Message Queue File System...
[[0;32m  OK  [0m] Set up automount Arbitrary Executab…rmats File System Automount Point.
[    4.434753] Loading iSCSI transport class v2.0-870.
[    4.438271] iscsi: registered transport (tcp)
[    4.447620] iscsi: registered transport (iser)
[[0;32m  OK  [0m] Listening on Device-mapper event daemon FIFOs.
         Starting Monitoring of LVM2 mirrors…ng dmeventd or progress polling...
[[0;32m  OK  [0m] Started Journal Service.
[[0;32m  OK  [0m] Started Create list of required sta…vice nodes for the current kernel.
[[0;32m  OK  [0m] Mounted Kernel Debug File System.
[[0;32m  OK  [0m] Started Uncomplicated firewall.
[[0;32m  OK  [0m] Started Load Kernel Modules.
[[0;32m  OK  [0m] Mounted Huge Pages File System.
[[0;32m  OK  [0m] Started File System Check on Root Device.
[[0;32m  OK  [0m] Mounted POSIX Message Queue File System.
[[0;32m  OK  [0m] Started File System Check Daemon to report status.
         Starting Remount Root and Kernel File Systems...
         Starting Apply Kernel Variables...
         Mounting FUSE Control File System...
         Mounting Kernel Configuration File System...
         Starting Create Static Device Nodes in /dev...
[[0;32m  OK  [0m] Mounted FUSE Control File System.
[[0;32m  OK  [0m] Started udev Coldplug all Devices.
[[0;32m  OK  [0m] Mounted Kernel Configuration File System.
[[0;32m  OK  [0m] Started LVM2 metadata daemon.
[[0;32m  OK  [0m] Started Create Static Device Nodes in /dev.
[[0;32m  OK  [0m] Started Remount Root and Kernel File Systems.
         Starting Flush Journal to Persistent Storage...
         Starting udev Kernel Device Manager...
         Starting Load/Save Random Seed...
[[0;32m  OK  [0m] Started Monitoring of LVM2 mirrors,…sing dmeventd or progress polling.
[[0;32m  OK  [0m] Started Apply Kernel Variables.
[[0;32m  OK  [0m] Started Load/Save Random Seed.
[[0;32m  OK  [0m] Started udev Kernel Device Manager.
[[0;32m  OK  [0m] Started Flush Journal to Persistent Storage.
[[0;32m  OK  [0m] Found device /dev/ttyS0.
[[0;32m  OK  [0m] Listening on Load/Save RF Kill Switch Status /dev/rfkill Watch.
         Mounting Arbitrary Executable File Formats File System...
[[0;32m  OK  [0m] Mounted Arbitrary Executable File Formats File System.
[[0;32m  OK  [0m] Started Set the console keyboard layout.
[[0;32m  OK  [0m] Started Dispatch Password Requests to Console Directory Watch.
[[0;32m  OK  [0m] Reached target Local Encrypted Volumes.
[[0;32m  OK  [0m] Reached target Local File Systems (Pre).
[[0;32m  OK  [0m] Reached target Local File Systems.
         Starting ebtables ruleset management...
         Starting Set console font and keymap...
         Starting Tell Plymouth To Write Out Runtime Data...
         Starting Create Volatile Files and Directories...
         Starting Commit a transient machine-id on disk...
         Starting AppArmor initialization...
[[0;32m  OK  [0m] Started Tell Plymouth To Write Out Runtime Data.
[[0;32m  OK  [0m] Started Create Volatile Files and Directories.
         Starting Update UTMP about System Boot/Shutdown...
[[0;32m  OK  [0m] Started Update UTMP about System Boot/Shutdown.
[[0;32m  OK  [0m] Started Commit a transient machine-id on disk.
[[0;32m  OK  [0m] Started ebtables ruleset management.
[[0;32m  OK  [0m] Started AppArmor initialization.
         Starting Initial cloud-init job (pre-networking)...
         Starting Load AppArmor profiles managed internally by snapd...
[[0;32m  OK  [0m] Started Load AppArmor profiles managed internally by snapd.
[[0;32m  OK  [0m] Started Set console font and keymap.
[    6.729868] cloud-init[850]: Cloud-init v. 23.1.2-0ubuntu0~18.04.1 running 'init-local' at Fri, 08 Nov 2024 01:54:57 +0000. Up 6.50 seconds.
[[0;32m  OK  [0m] Started Initial cloud-init job (pre-networking).
[[0;32m  OK  [0m] Reached target Network (Pre).
         Starting Network Service...
[[0;32m  OK  [0m] Started Network Service.
         Starting Wait for Network to be Configured...
         Starting Network Name Resolution...
[[0;32m  OK  [0m] Started Network Name Resolution.
[[0;32m  OK  [0m] Reached target Network.
[[0;32m  OK  [0m] Reached target Host and Network Name Lookups.
[[0;32m  OK  [0m] Started Wait for Network to be Configured.
         Starting Initial cloud-init job (metadata service crawler)...
[    8.322874] cloud-init[1032]: Cloud-init v. 23.1.2-0ubuntu0~18.04.1 running 'init' at Fri, 08 Nov 2024 01:54:59 +0000. Up 8.24 seconds.
[    8.323722] cloud-init[1032]: ci-info: ++++++++++++++++++++++++++++++++++++++Net device info+++++++++++++++++++++++++++++++++++++++
[    8.336365] cloud-init[1032]: ci-info: +--------+-------+----------------------------+---------------+--------+-------------------+
[    8.336985] cloud-init[1032]: ci-info: | Device |   Up  |          Address           |      Mask     | Scope  |     Hw-Address    |
[    8.337565] cloud-init[1032]: ci-info: +--------+-------+----------------------------+---------------+--------+-------------------+
[    8.338199] cloud-init[1032]: ci-info: | enp0s3 |  True |         10.0.2.15          | 255.255.255.0 | global | 02:3b:7b:b7:3b:2d |
[    8.348277] cloud-init[1032]: ci-info: | enp0s3 |  True | fe80::3b:7bff:feb7:3b2d/64 |       .       |  link  | 02:3b:7b:b7:3b:2d |
[    8.348876] cloud-init[1032]: ci-info: | enp0s8 | False |             .              |       .       |   .    | 08:00:27:f5:bf:56 |
[    8.349457] cloud-init[1032]: ci-info: |   lo   |  True |         127.0.0.1          |   255.0.0.0   |  host  |         .         |
[    8.350061] cloud-init[1032]: ci-info: |   lo   |  True |          ::1/128           |       .       |  host  |         .         |
[    8.350719] cloud-init[1032]: ci-info: +--------+-------+----------------------------+---------------+--------+-------------------+
[    8.351323] cloud-init[1032]: ci-info: ++++++++++++++++++++++++++++Route IPv4 info+++++++++++++++++++++++++++++
[    8.360198] cloud-init[1032]: ci-info: +-------+-------------+----------+-----------------+-----------+-------+
[    8.360808] cloud-init[1032]: ci-info: | Route | Destination | Gateway  |     Genmask     | Interface | Flags |
[    8.372119] cloud-init[1032]: ci-info: +-------+-------------+----------+-----------------+-----------+-------+
[    8.372680] cloud-init[1032]: ci-info: |   0   |   0.0.0.0   | 10.0.2.2 |     0.0.0.0     |   enp0s3  |   UG  |
[    8.384122] cloud-init[1032]: ci-info: |   1   |   10.0.2.0  | 0.0.0.0  |  255.255.255.0  |   enp0s3  |   U   |
[    8.384737] cloud-init[1032]: ci-info: |   2   |   10.0.2.2  | 0.0.0.0  | 255.255.255.255 |   enp0s3  |   UH  |
[    8.400943] cloud-init[1032]: ci-info: +-------+-------------+----------+-----------------+-----------+-------+
[    8.401531] cloud-init[1032]: ci-info: +++++++++++++++++++Route IPv6 info+++++++++++++++++++
[    8.402058] cloud-init[1032]: ci-info: +-------+-------------+---------+-----------+-------+
[    8.402431] cloud-init[1032]: ci-info: | Route | Destination | Gateway | Interface | Flags |
[    8.412697] cloud-init[1032]: ci-info: +-------+-------------+---------+-----------+-------+
[    8.414405] cloud-init[1032]: ci-info: |   1   |  fe80::/64  |    ::   |   enp0s3  |   U   |
[    8.414932] cloud-init[1032]: ci-info: |   3   |    local    |    ::   |   enp0s3  |   U   |
[    8.415324] cloud-init[1032]: ci-info: |   4   |   ff00::/8  |    ::   |   enp0s3  |   U   |
[    8.415904] cloud-init[1032]: ci-info: +-------+-------------+---------+-----------+-------+
[    8.870262] cloud-init[1032]: Generating public/private rsa key pair.
[    8.870784] cloud-init[1032]: Your identification has been saved in /etc/ssh/ssh_host_rsa_key.
[    8.871222] cloud-init[1032]: Your public key has been saved in /etc/ssh/ssh_host_rsa_key.pub.
[    8.880498] cloud-init[1032]: The key fingerprint is:
[    8.892451] cloud-init[1032]: SHA256:obCugeplfE7Z5P6XOe6Z7rUvb8cV/3p3VId6ktvmaR4 root@ubuntu-bionic
[    8.893080] cloud-init[1032]: The key's randomart image is:
[[    8.904166] [0;32m  OK  [0m] Started Initial cloud-init job (metadata service crawler).cloud-init[1032]: +---[RSA 2048]----+

[    8.904217] cloud-init[1032]: |                 |
[    8.920700] cloud-init[1032]: |                 |
[[0;32m  OK  [0m] Reached target Cloud-config availability.
[[    8.932848] cloud-init[1032]: |    .   .      . |
[    8.933330] cloud-init[1032]: |     o . .    ..o|
[    8.933648] cloud-init[1032]: |    . ..S    o  =|
[    8.933970] cloud-init[1032]: | ...  =     + . +|
[    8.934161] cloud-init[1032]: |. .+.+ o    o*Eoo|
[    8.934256] cloud-init[1032]: |. oo+ .    ==.=+B|
[    8.934522] cloud-init[1032]: |o..  . ...*B.*X=+|
[0;32m  OK  [0m] Reached target System Initialization.
[    8.934581] cloud-init[1032]: +----[SHA256]-----+
[[0;32m  OK  [0m] Listening on cloud-init hotplug hook socket.
[    8.948396] cloud-init[1032]: Generating public/private dsa key pair.
[[0;32m  OK  [0m[    8.972168] cloud-init[1032]: Your identification has been saved in /etc/ssh/ssh_host_dsa_key.
[    8.972270] cloud-init[1032]: Your public key has been saved in /etc/ssh/ssh_host_dsa_key.pub.
] Listening on ACPID Listen Socket.
[    8.972489] cloud-init[1032]: The key fingerprint is:
         [    8.984674] Starting Socket activation for snappy daemon.
cloud-init[1032]: SHA256:X7T3O6udnSA0lElRgcU8oJLIyFhI+1qshQrVPDTeEP4 root@ubuntu-bionic
[[0;32m  OK  [0m] Listening on Open-iSCSI iscsid Socket.
[    8.985428] cloud-init[1032]: The key's randomart image is:
[[    8.986065] cloud-init[1032]: +---[DSA 1024]----+
[    8.986121] cloud-init[1032]: |....=.     +O+.  |
[0;32m  OK  [0m] Started Daily Cleanup of Temporary Directories.
[    8.986468] cloud-init[1032]: | .=*o+. . o.o+   |
[[0;32m  OK  [0m] Started ACPI Events Check.
[    8.996167] cloud-init[1032]: | o.o*o.o . +. .  |
[[    8.996770] cloud-init[1032]: | .+  o  . .. .   |
[0;32m  OK  [0m] Started Message of the Day.
[    8.996805] cloud-init[1032]: |.. =  E S  oo .  |
[[    9.008552] cloud-init[1032]: |o =      ..... . |
[    9.008625] cloud-init[1032]: |.o        .. .  .|
[    9.008863] cloud-init[1032]: |            . o.=|
[0;32m  OK  [0m] Started Daily apt download activities.
[    9.008880] cloud-init[1032]: |             ..*+|
[[0;32m  OK  [0m[    9.020375] cloud-init[1032]: +----[SHA256]-----+
[    9.020510] cloud-init[1032]: Generating public/private ecdsa key pair.
[    9.020688] cloud-init[1032]: Your identification has been saved in /etc/ssh/ssh_host_ecdsa_key.
] Started Daily apt upgrade and clean activities.
[    9.020910] cloud-init[1032]: Your public key has been saved in /etc/ssh/ssh_host_ecdsa_key.pub.
[[0;32m  OK  [0m] Listening on D-Bus System Message Bus Socket.
[    9.022516] cloud-init[1032]: The key fingerprint is:
[[    9.023313] [0;32m  OK  [0m] Reached target Paths.
cloud-init[1032]: SHA256:s6YixkVC6WsEeDPsv5pzd5BuJerphrof7F8n/eEFUc4 root@ubuntu-bionic
[[0;32m  OK  [0m] Listening on UUID daemon activation socket.
[    9.036289] cloud-init[1032]: The key's randomart image is:
         [    9.048254] Starting LXD - unix socket.
cloud-init[1032]: +---[ECDSA 256]---+
[    9.048678] cloud-init[1032]: |.. .        .    |
[[0;32m  OK  [0m] Started Ubuntu Advantage Timer for running repeated jobs.
[    9.060143] cloud-init[1032]: |o B        +     |
[[0;32m  OK  [0m] Started Discard unused blocks once a week.
[    9.088518] cloud-init[1032]: | * o      . E    |
[[0;32m  OK  [0m] Reached target Timers.
[    9.100284] cloud-init[1032]: |  = .      .     |
[[    9.100902] [0;32m  OK  [0m] Reached target Network is Online.
cloud-init[1032]: | . =   .S .      |
[    9.101437] cloud-init[1032]: | .o o +..o .     |
[    9.101754] cloud-init[1032]: | ooo +o+= . .    |
[    9.101807] cloud-init[1032]: | .*o*o+=.o o     |
[[0;32m  OK  [0m] Reached target Remote File Systems (Pre).
[[0;32m  OK  [0m] Reached target Remote File Systems.
[    9.101864] cloud-init[1032]: |o==X=+..  o      |
[    9.112184] cloud-init[1032]: +----[SHA256]-----+
[    9.112250] cloud-init[1032]: Generating public/private ed25519 key pair.
[    9.112285] cloud-init[1032]: Your identification has been saved in /etc/ssh/ssh_host_ed25519_key.
         Starting Availability of block devices...
[    9.112324] cloud-init[1032]: Your public key has been saved in /etc/ssh/ssh_host_ed25519_key.pub.
[[0;32m  OK  [0m] Listening on Socket activation for snappy daemon.
[    9.124116] cloud-init[1032]: The key fingerprint is:
[[0;32m  OK  [0m] [    9.136614] cloud-init[1032]: SHA256:wR0hBsEhoV1FRwoodP3+d0UzWJkX9tqYTYaBqJDnDUw root@ubuntu-bionic
[    9.136695] cloud-init[1032]: The key's randomart image is:
[    9.136859] cloud-init[1032]: +--[ED25519 256]--+
Listening on LXD - unix socket.
[    9.136927] cloud-init[1032]: | .. +=*XE.=o ..o+|
[[0;32m  OK  [0m[    9.148470] cloud-init[1032]: |  .+.o=++=... .*o|
[    9.148540] cloud-init[1032]: |  ...  =++.   + =|
[    9.148727] cloud-init[1032]: |        +..  . @.|
] Started Availability of block devices.
[    9.148844] cloud-init[1032]: |       .S     +.=|
[[0;32m  OK  [0m] Reached target Sockets.
[    9.160779] cloud-init[1032]: |        .       .|
[[    9.161530] cloud-init[1032]: |         .     . |
[    9.161571] cloud-init[1032]: |          . . .  |
[0;32m  OK  [0m] Reached target Basic System.
[    9.162056] cloud-init[1032]: |           . .   |
[    9.162929] cloud-init[1032]: +----[SHA256]-----+
         Starting System Logging Service...
[[0;32m  OK  [0m] Started Regular background program processing daemon.
         Starting Permit User Sessions...
         Starting Pollinate to seed the pseudo random number generator...
         Starting LXD - container startup/shutdown...
[[0;32m  OK  [0m] Started irqbalance daemon.
         Starting Dispatcher daemon for systemd-networkd...
         Starting LSB: Record successful boot for GRUB...
         Starting Login Service...
[[0;32m  OK  [0m] Started Deferred execution scheduler.
[[0;32m  OK  [0m] Started FUSE filesystem for LXC.
[[0;32m  OK  [0m] Started D-Bus System Message Bus.
         Starting Virtualbox guest utils...
         Starting Accounts Service...
[[0;32m  OK  [0m] Reached target Login Prompts (Pre).
         Starting LSB: automatic crash report generation...
         Starting Snap Daemon...
[[0;32m  OK  [0m] Started System Logging Service.
[[0;32m  OK  [0m] Started Permit User Sessions.
[[0;32m  OK  [0m] Started LXD - container startup/shutdown.
[[0;32m  OK  [0m] Started Login Service.
[[0;32m  OK  [0m] Started Unattended Upgrades Shutdown.
         Starting Terminate Plymouth Boot Screen...
         Starting Hold until boot process finishes up...
[[0;32m  OK  [0m] Started Hold until boot process finishes up.
[[0;32m  OK  [0m] Started Terminate Plymouth Boot Screen.
[[0;32m  OK  [0m] Started Serial Getty on ttyS0.
         Starting Set console scheme...
[[0;32m  OK  [0m] Started LSB: automatic crash report generation.
[[0;32m  OK  [0m] Started Set console scheme.
[[0;32m  OK  [0m] Created slice system-getty.slice.
[[0;32m  OK  [0m] Started Getty on tty1.
[[0;32m  OK  [0m] Reached target Login Prompts.
         Starting Authorization Manager...
[[0;32m  OK  [0m] Started Authorization Manager.
[[0;32m  OK  [0m] Started LSB: Record successful boot for GRUB.
[[0;32m  OK  [0m] Started Accounts Service.
[[0;32m  OK  [0m] Started Virtualbox guest utils.
[[0;32m  OK  [0m] Started Dispatcher daemon for systemd-networkd.
[[0;32m  OK  [0m] Started Snap Daemon.
         Starting Wait until snapd is fully seeded...
         Starting Time & Date Service...
[[0;32m  OK  [0m] Started Pollinate to seed the pseudo random number generator.
         Starting OpenBSD Secure Shell server...
[[0;32m  OK  [0m] Started Time & Date Service.
[[0;32m  OK  [0m] Started OpenBSD Secure Shell server.
[[0;32m  OK  [0m] Created slice User Slice of vagrant.
         Starting User Manager for UID 1000...
[[0;32m  OK  [0m] Started Session 1 of user vagrant.
[[0;32m  OK  [0m] Started User Manager for UID 1000.
[[0;32m  OK  [0m] Started Wait until snapd is fully seeded.
         Starting Apply the settings specified in cloud-config...
[   13.157546] cloud-init[1726]: Cloud-init v. 23.1.2-0ubuntu0~18.04.1 running 'modules:config' at Fri, 08 Nov 2024 01:55:03 +0000. Up 12.92 seconds.
[[0;32m  OK  [0m] Started Apply the settings specified in cloud-config.
[[0;32m  OK  [0m] Reached target Multi-User System.
[[0;32m  OK  [0m] Reached target Graphical Interface.
         Starting Update UTMP about System Runlevel Changes...
         Starting Execute cloud user/final scripts...
[[0;32m  OK  [0m] Started Update UTMP about System Runlevel Changes.
ci-info: no authorized SSH keys fingerprints found for user ubuntu.
<14>Nov  8 01:55:04 cloud-init: #############################################################
<14>Nov  8 01:55:04 cloud-init: -----BEGIN SSH HOST KEY FINGERPRINTS-----
<14>Nov  8 01:55:04 cloud-init: 1024 SHA256:X7T3O6udnSA0lElRgcU8oJLIyFhI+1qshQrVPDTeEP4 root@ubuntu-bionic (DSA)
<14>Nov  8 01:55:04 cloud-init: 256 SHA256:s6YixkVC6WsEeDPsv5pzd5BuJerphrof7F8n/eEFUc4 root@ubuntu-bionic (ECDSA)
<14>Nov  8 01:55:04 cloud-init: 256 SHA256:wR0hBsEhoV1FRwoodP3+d0UzWJkX9tqYTYaBqJDnDUw root@ubuntu-bionic (ED25519)
<14>Nov  8 01:55:04 cloud-init: 2048 SHA256:obCugeplfE7Z5P6XOe6Z7rUvb8cV/3p3VId6ktvmaR4 root@ubuntu-bionic (RSA)
<14>Nov  8 01:55:04 cloud-init: -----END SSH HOST KEY FINGERPRINTS-----
<14>Nov  8 01:55:04 cloud-init: #############################################################
-----BEGIN SSH HOST KEY KEYS-----
ecdsa-sha2-nistp256 AAAAE2VjZHNhLXNoYTItbmlzdHAyNTYAAAAIbmlzdHAyNTYAAABBBOp1/LeXb+Qk18f9LlwT8u62mSXn6Sxi2YK9Jnn6UQriqHMG79sfzgCZRqYVTjrmeSc+4WpKiJ/df0ZcqYiso7c= root@ubuntu-bionic
ssh-ed25519 AAAAC3NzaC1lZDI1NTE5AAAAIAVVkLLnxs9mkjp91RF3qRBE/KtbKFeKN/pyw2AJ4VGt root@ubuntu-bionic
ssh-rsa AAAAB3NzaC1yc2EAAAADAQABAAABAQCxi52zgHKihHPua9gUgwx2doEDD4js3ed4oo9A0KTumb4OlKfN6QHw+GGkb4vaxp52HcAyS+FFna/30OQYeNPJuGjNO3O8YYOYjZBbBNorm0R912CtTucrWR0DwDkNhPjXi2jZYsA/4QVquJpdPdc1jyXXE2I4IqKKL2/7LB9dOVkckEW5LtqzV8mRxL/lao/xB4eU36nGGzx5Ypk7HQg8r/MO2NtGeSzQDH2qWnmKqPjx8PPitBn2vom6bKnoBuzrZmv7OkaDA1EpHRe/cA3XVeM4tuksxp6OYIybIGZVgdyWrB4KyrfxZmgKw/WCGM+cjEQ7jqLGQuhy2pCQxgVR root@ubuntu-bionic
-----END SSH HOST KEY KEYS-----
[   13.642958] cloud-init[1836]: Cloud-init v. 23.1.2-0ubuntu0~18.04.1 running 'modules:final' at Fri, 08 Nov 2024 01:55:04 +0000. Up 13.52 seconds.
[   13.643687] cloud-init[1836]: Cloud-init v. 23.1.2-0ubuntu0~18.04.1 finished at Fri, 08 Nov 2024 01:55:04 +0000. Datasource DataSourceNoCloud [seed=/dev/sdb][dsmode=net].  Up 13.63 seconds
[[0;32m  OK  [0m] Started Execute cloud user/final scripts.
[[0;32m  OK  [0m] Reached target Cloud-init target.

Ubuntu 18.04.6 LTS ubuntu-bionic ttyS0

ubuntu-bionic login: 